Build started 2011/7/23 0:12:56.
     1>Project "C:\Users\Tobe\Desktop\DoTank\DoTank\DoTank.vcxproj" on node 2 (build target(s)).
     1>InitializeBuildStatus:
         Creating "Debug\DoTank.unsuccessfulbuild" because "AlwaysCreate" was specified.
       ClCompile:
         D:\Microsoft Visual Studio 10.0\VC\bin\CL.exe /c /ZI /nologo /W3 /WX- /Od /Oy- /D WIN32 /D _DEBUG /D _WINDOWS /D _UNICODE /D UNICODE /Gm /EHsc /RTC1 /MDd /GS /fp:precise /Zc:wchar_t /Zc:forScope /Fo"Debug\\" /Fd"Debug\vc100.pdb" /Gd /TP /analyze- /errorReport:prompt WinMain.cpp
         WinMain.cpp
     1>c:\users\tobe\desktop\dotank\dotank\winmain.cpp(728): warning C4715: 'FindMyTank' : not all control paths return a value
     1>c:\users\tobe\desktop\dotank\dotank\winmain.cpp(740): warning C4715: 'FindAiTank' : not all control paths return a value
     1>c:\users\tobe\desktop\dotank\dotank\winmain.cpp(764): warning C4715: 'FindBullet' : not all control paths return a value
       ResourceCompile:
         All outputs are up-to-date.
       ManifestResourceCompile:
         All outputs are up-to-date.
       Link:
         D:\Microsoft Visual Studio 10.0\VC\bin\link.exe /ERRORREPORT:PROMPT /OUT:"C:\Users\Tobe\Desktop\DoTank\Debug\DoTank.exe" /INCREMENTAL /NOLOGO kernel32.lib user32.lib gdi32.lib winspool.lib comdlg32.lib advapi32.lib shell32.lib ole32.lib oleaut32.lib uuid.lib odbc32.lib odbccp32.lib /MANIFEST /ManifestFile:"Debug\DoTank.exe.intermediate.manifest" /MANIFESTUAC:"level='asInvoker' uiAccess='false'" /DEBUG /PDB:"C:\Users\Tobe\Desktop\DoTank\Debug\DoTank.pdb" /SUBSYSTEM:WINDOWS /TLBID:1 /DYNAMICBASE /NXCOMPAT /IMPLIB:"C:\Users\Tobe\Desktop\DoTank\Debug\DoTank.lib" /MACHINE:X86 Debug\DoTank.res
         Debug\DoTank.exe.embed.manifest.res
         Debug\CAiTank.obj
         Debug\CBullet.obj
         Debug\CGame.obj
         Debug\CMap.obj
         Debug\CMyTank.obj
         Debug\CTank.obj
         Debug\WinMain.obj
       Manifest:
         C:\Program Files (x86)\Microsoft SDKs\Windows\v7.0A\bin\mt.exe /nologo /verbose /out:"Debug\DoTank.exe.embed.manifest" /manifest Debug\DoTank.exe.intermediate.manifest
         All outputs are up-to-date.
       LinkEmbedManifest:
         All outputs are up-to-date.
         DoTank.vcxproj -> C:\Users\Tobe\Desktop\DoTank\Debug\DoTank.exe
       FinalizeBuildStatus:
         Deleting file "Debug\DoTank.unsuccessfulbuild".
         Touching "Debug\DoTank.lastbuildstate".
     1>Done Building Project "C:\Users\Tobe\Desktop\DoTank\DoTank\DoTank.vcxproj" (build target(s)).

Build succeeded.

Time Elapsed 00:00:01.18
